----------------------------------------------------------------
Fri May 08 10:31:12 IST 2020:
Booting Derby version The Apache Software Foundation - Apache Derby - 10.14.2.0 - (1828579): instance a816c00e-0171-f2a8-8706-00000bf47ff8 
on database directory memory:E:\CodeSetUpSajal\SpringMicroserviceTrainingCode\employee-service\testdb with class loader sun.misc.Launcher$AppClassLoader@764c12b6 
Loaded from file:/C:/Users/Ruchi/.m2/repository/org/apache/derby/derby/10.14.2.0/derby-10.14.2.0.jar
java.vendor=Oracle Corporation
java.runtime.version=1.8.0_191-b12
user.dir=E:\CodeSetUpSajal\SpringMicroserviceTrainingCode\employee-service
os.name=Windows 8.1
os.arch=amd64
os.version=6.3
derby.system.home=null
Database Class Loader started - derby.database.classpath=''
----------------------------------------------------------------
Fri May 08 10:41:50 IST 2020:
Shutting down instance a816c00e-0171-f2a8-8706-00000bf47ff8 on database directory memory:E:\CodeSetUpSajal\SpringMicroserviceTrainingCode\employee-service\testdb with class loader sun.misc.Launcher$AppClassLoader@764c12b6 
----------------------------------------------------------------
Fri May 08 10:42:23 IST 2020:
Booting Derby version The Apache Software Foundation - Apache Derby - 10.14.2.0 - (1828579): instance ac3880cc-0171-f2a8-8706-00000bf47ff8 
on database directory memory:E:\CodeSetUpSajal\SpringMicroserviceTrainingCode\employee-service\testdb with class loader sun.misc.Launcher$AppClassLoader@764c12b6 
Loaded from file:/C:/Users/Ruchi/.m2/repository/org/apache/derby/derby/10.14.2.0/derby-10.14.2.0.jar
java.vendor=Oracle Corporation
java.runtime.version=1.8.0_191-b12
user.dir=E:\CodeSetUpSajal\SpringMicroserviceTrainingCode\employee-service
os.name=Windows 8.1
os.arch=amd64
os.version=6.3
derby.system.home=null
Database Class Loader started - derby.database.classpath=''
----------------------------------------------------------------
Fri May 08 11:12:32 IST 2020:
Shutting down instance ac3880cc-0171-f2a8-8706-00000bf47ff8 on database directory memory:E:\CodeSetUpSajal\SpringMicroserviceTrainingCode\employee-service\testdb with class loader sun.misc.Launcher$AppClassLoader@764c12b6 
